# JRE version: Java(TM) SE Runtime Environment (8.0_151-b12) (build 1.8.0_151-b12)
# Java VM: Java HotSpot(TM) 64-Bit Server VM (25.151-b12 mixed mode linux-amd64 compressed oops)
Heap:
 PSYoungGen      total 1365504K, used 79467K [0x0000000743000000, 0x00000007c0000000, 0x00000007c0000000)
  eden space 683008K, 0% used [0x0000000743000000,0x0000000743000000,0x000000076cb00000)
  from space 682496K, 11% used [0x000000076cb00000,0x000000077189ad30,0x0000000796580000)
  to   space 682496K, 0% used [0x0000000796580000,0x0000000796580000,0x00000007c0000000)
 ParOldGen       total 2605056K, used 2604764K [0x0000000649000000, 0x00000006e8000000, 0x0000000743000000)
  object space 2605056K, 99% used [0x0000000649000000,0x00000006e7fb7380,0x00000006e8000000)
 Metaspace       used 25104K, capacity 26040K, committed 26288K, reserved 1071104K
  class space    used 4281K, capacity 4481K, committed 4528K, reserved 1048576K
GC Heap History (10 events):
Event: 35.629 GC heap after
Heap after GC invocations=10 (full 3):
 PSYoungGen      total 1693696K, used 154955K [0x0000000743000000, 0x00000007c0000000, 0x00000007c0000000)
  eden space 1339392K, 0% used [0x0000000743000000,0x0000000743000000,0x0000000794c00000)
  from space 354304K, 43% used [0x0000000794c00000,0x000000079e352f68,0x00000007aa600000)
  to   space 354304K, 0% used [0x00000007aa600000,0x00000007aa600000,0x00000007c0000000)
 ParOldGen       total 2605056K, used 1367605K [0x0000000649000000, 0x00000006e8000000, 0x0000000743000000)
  object space 2605056K, 52% used [0x0000000649000000,0x000000069c78d700,0x00000006e8000000)
 Metaspace       used 24952K, capacity 25800K, committed 26032K, reserved 1071104K
  class space    used 4269K, capacity 4471K, committed 4528K, reserved 1048576K
}
Event: 51.038 GC heap before
{Heap before GC invocations=11 (full 3):
 PSYoungGen      total 1693696K, used 1494347K [0x0000000743000000, 0x00000007c0000000, 0x00000007c0000000)
  eden space 1339392K, 100% used [0x0000000743000000,0x0000000794c00000,0x0000000794c00000)
  from space 354304K, 43% used [0x0000000794c00000,0x000000079e352f68,0x00000007aa600000)
  to   space 354304K, 0% used [0x00000007aa600000,0x00000007aa600000,0x00000007c0000000)
 ParOldGen       total 2605056K, used 1367605K [0x0000000649000000, 0x00000006e8000000, 0x0000000743000000)
  object space 2605056K, 52% used [0x0000000649000000,0x000000069c78d700,0x00000006e8000000)
 Metaspace       used 24960K, capacity 25864K, committed 26032K, reserved 1071104K
  class space    used 4269K, capacity 4471K, committed 4528K, reserved 1048576K
Event: 51.764 GC heap after
Heap after GC invocations=11 (full 3):
 PSYoungGen      total 1037312K, used 354288K [0x0000000743000000, 0x00000007c0000000, 0x00000007c0000000)
  eden space 683008K, 0% used [0x0000000743000000,0x0000000743000000,0x000000076cb00000)
  from space 354304K, 99% used [0x00000007aa600000,0x00000007bfffc020,0x00000007c0000000)
  to   space 682496K, 0% used [0x000000076cb00000,0x000000076cb00000,0x0000000796580000)
 ParOldGen       total 2605056K, used 1489829K [0x0000000649000000, 0x00000006e8000000, 0x0000000743000000)
  object space 2605056K, 57% used [0x0000000649000000,0x00000006a3ee9710,0x00000006e8000000)
 Metaspace       used 24960K, capacity 25864K, committed 26032K, reserved 1071104K
  class space    used 4269K, capacity 4471K, committed 4528K, reserved 1048576K
}
Event: 56.489 GC heap before
{Heap before GC invocations=12 (full 3):
 PSYoungGen      total 1037312K, used 1037296K [0x0000000743000000, 0x00000007c0000000, 0x00000007c0000000)
  eden space 683008K, 100% used [0x0000000743000000,0x000000076cb00000,0x000000076cb00000)
  from space 354304K, 99% used [0x00000007aa600000,0x00000007bfffc020,0x00000007c0000000)
  to   space 682496K, 0% used [0x000000076cb00000,0x000000076cb00000,0x0000000796580000)
 ParOldGen       total 2605056K, used 1489829K [0x0000000649000000, 0x00000006e8000000, 0x0000000743000000)
  object space 2605056K, 57% used [0x0000000649000000,0x00000006a3ee9710,0x00000006e8000000)
 Metaspace       used 25100K, capacity 26040K, committed 26288K, reserved 1071104K
  class space    used 4281K, capacity 4481K, committed 4528K, reserved 1048576K
Event: 56.956 GC heap after
Heap after GC invocations=12 (full 3):
 PSYoungGen      total 1365504K, used 608480K [0x0000000743000000, 0x00000007c0000000, 0x00000007c0000000)
  eden space 683008K, 0% used [0x0000000743000000,0x0000000743000000,0x000000076cb00000)
  from space 682496K, 89% used [0x000000076cb00000,0x0000000791d38070,0x0000000796580000)
  to   space 682496K, 0% used [0x0000000796580000,0x0000000796580000,0x00000007c0000000)
 ParOldGen       total 2605056K, used 1489885K [0x0000000649000000, 0x00000006e8000000, 0x0000000743000000)
  object space 2605056K, 57% used [0x0000000649000000,0x00000006a3ef7720,0x00000006e8000000)
 Metaspace       used 25100K, capacity 26040K, committed 26288K, reserved 1071104K
  class space    used 4281K, capacity 4481K, committed 4528K, reserved 1048576K
}
Event: 58.180 GC heap before
{Heap before GC invocations=13 (full 3):
 PSYoungGen      total 1365504K, used 1291488K [0x0000000743000000, 0x00000007c0000000, 0x00000007c0000000)
  eden space 683008K, 100% used [0x0000000743000000,0x000000076cb00000,0x000000076cb00000)
  from space 682496K, 89% used [0x000000076cb00000,0x0000000791d38070,0x0000000796580000)
  to   space 682496K, 0% used [0x0000000796580000,0x0000000796580000,0x00000007c0000000)
 ParOldGen       total 2605056K, used 1489885K [0x0000000649000000, 0x00000006e8000000, 0x0000000743000000)
  object space 2605056K, 57% used [0x0000000649000000,0x00000006a3ef7720,0x00000006e8000000)
 Metaspace       used 25101K, capacity 26040K, committed 26288K, reserved 1071104K
  class space    used 4281K, capacity 4481K, committed 4528K, reserved 1048576K
Event: 59.023 GC heap after
Heap after GC invocations=13 (full 3):
 PSYoungGen      total 1365504K, used 551712K [0x0000000743000000, 0x00000007c0000000, 0x00000007c0000000)
  eden space 683008K, 0% used [0x0000000743000000,0x0000000743000000,0x000000076cb00000)
  from space 682496K, 80% used [0x0000000796580000,0x00000007b8048060,0x00000007c0000000)
  to   space 682496K, 0% used [0x000000076cb00000,0x000000076cb00000,0x0000000796580000)
 ParOldGen       total 2605056K, used 1845213K [0x0000000649000000, 0x00000006e8000000, 0x0000000743000000)
  object space 2605056K, 70% used [0x0000000649000000,0x00000006b99f7730,0x00000006e8000000)
 Metaspace       used 25101K, capacity 26040K, committed 26288K, reserved 1071104K
  class space    used 4281K, capacity 4481K, committed 4528K, reserved 1048576K
}
Event: 60.183 GC heap before
{Heap before GC invocations=14 (full 3):
 PSYoungGen      total 1365504K, used 1234720K [0x0000000743000000, 0x00000007c0000000, 0x00000007c0000000)
  eden space 683008K, 100% used [0x0000000743000000,0x000000076cb00000,0x000000076cb00000)
  from space 682496K, 80% used [0x0000000796580000,0x00000007b8048060,0x00000007c0000000)
  to   space 682496K, 0% used [0x000000076cb00000,0x000000076cb00000,0x0000000796580000)
 ParOldGen       total 2605056K, used 1845213K [0x0000000649000000, 0x00000006e8000000, 0x0000000743000000)
  object space 2605056K, 70% used [0x0000000649000000,0x00000006b99f7730,0x00000006e8000000)
 Metaspace       used 25104K, capacity 26040K, committed 26288K, reserved 1071104K
  class space    used 4281K, capacity 4481K, committed 4528K, reserved 1048576K
Event: 60.997 GC heap after
Heap after GC invocations=14 (full 3):
 PSYoungGen      total 1365504K, used 327424K [0x0000000743000000, 0x00000007c0000000, 0x00000007c0000000)
  eden space 683008K, 0% used [0x0000000743000000,0x0000000743000000,0x000000076cb00000)
  from space 682496K, 47% used [0x000000076cb00000,0x0000000780ac0050,0x0000000796580000)
  to   space 682496K, 0% used [0x0000000796580000,0x0000000796580000,0x00000007c0000000)
 ParOldGen       total 2605056K, used 2370437K [0x0000000649000000, 0x00000006e8000000, 0x0000000743000000)
  object space 2605056K, 90% used [0x0000000649000000,0x00000006d9ae1740,0x00000006e8000000)
 Metaspace       used 25104K, capacity 26040K, committed 26288K, reserved 1071104K
  class space    used 4281K, capacity 4481K, committed 4528K, reserved 1048576K
}
Event: 60.997 GC heap before
{Heap before GC invocations=15 (full 4):
 PSYoungGen      total 1365504K, used 327424K [0x0000000743000000, 0x00000007c0000000, 0x00000007c0000000)
  eden space 683008K, 0% used [0x0000000743000000,0x0000000743000000,0x000000076cb00000)
  from space 682496K, 47% used [0x000000076cb00000,0x0000000780ac0050,0x0000000796580000)
  to   space 682496K, 0% used [0x0000000796580000,0x0000000796580000,0x00000007c0000000)
 ParOldGen       total 2605056K, used 2370437K [0x0000000649000000, 0x00000006e8000000, 0x0000000743000000)
  object space 2605056K, 90% used [0x0000000649000000,0x00000006d9ae1740,0x00000006e8000000)
 Metaspace       used 25104K, capacity 26040K, committed 26288K, reserved 1071104K
  class space    used 4281K, capacity 4481K, committed 4528K, reserved 1048576K

