# JRE version: Java(TM) SE Runtime Environment (8.0_151-b12) (build 1.8.0_151-b12)
# Java VM: Java HotSpot(TM) 64-Bit Server VM (25.151-b12 mixed mode linux-amd64 compressed oops)
Heap:
 PSYoungGen      total 451584K, used 162104K [0x00000000d6b00000, 0x0000000100000000, 0x0000000100000000)
  eden space 226304K, 0% used [0x00000000d6b00000,0x00000000d6b00000,0x00000000e4800000)
  from space 225280K, 71% used [0x00000000f2400000,0x00000000fc24e1a0,0x0000000100000000)
  to   space 225280K, 0% used [0x00000000e4800000,0x00000000e4800000,0x00000000f2400000)
 ParOldGen       total 930816K, used 929210K [0x0000000084000000, 0x00000000bcd00000, 0x00000000d6b00000)
  object space 930816K, 99% used [0x0000000084000000,0x00000000bcb6e820,0x00000000bcd00000)
 Metaspace       used 26050K, capacity 27052K, committed 27184K, reserved 1071104K
  class space    used 4397K, capacity 4629K, committed 4656K, reserved 1048576K
GC Heap History (10 events):
Event: 14.902 GC heap after
Heap after GC invocations=15 (full 4):
 PSYoungGen      total 451584K, used 103488K [0x00000000d6b00000, 0x0000000100000000, 0x0000000100000000)
  eden space 226304K, 0% used [0x00000000d6b00000,0x00000000d6b00000,0x00000000e4800000)
  from space 225280K, 45% used [0x00000000e4800000,0x00000000ead10050,0x00000000f2400000)
  to   space 225280K, 0% used [0x00000000f2400000,0x00000000f2400000,0x0000000100000000)
 ParOldGen       total 613888K, used 612848K [0x0000000084000000, 0x00000000a9780000, 0x00000000d6b00000)
  object space 613888K, 99% used [0x0000000084000000,0x00000000a967c278,0x00000000a9780000)
 Metaspace       used 25910K, capacity 26846K, committed 26928K, reserved 1071104K
  class space    used 4386K, capacity 4626K, committed 4656K, reserved 1048576K
}
Event: 14.902 GC heap before
{Heap before GC invocations=16 (full 5):
 PSYoungGen      total 451584K, used 103488K [0x00000000d6b00000, 0x0000000100000000, 0x0000000100000000)
  eden space 226304K, 0% used [0x00000000d6b00000,0x00000000d6b00000,0x00000000e4800000)
  from space 225280K, 45% used [0x00000000e4800000,0x00000000ead10050,0x00000000f2400000)
  to   space 225280K, 0% used [0x00000000f2400000,0x00000000f2400000,0x0000000100000000)
 ParOldGen       total 613888K, used 612848K [0x0000000084000000, 0x00000000a9780000, 0x00000000d6b00000)
  object space 613888K, 99% used [0x0000000084000000,0x00000000a967c278,0x00000000a9780000)
 Metaspace       used 25910K, capacity 26846K, committed 26928K, reserved 1071104K
  class space    used 4386K, capacity 4626K, committed 4656K, reserved 1048576K
Event: 17.278 GC heap after
Heap after GC invocations=16 (full 5):
 PSYoungGen      total 451584K, used 103267K [0x00000000d6b00000, 0x0000000100000000, 0x0000000100000000)
  eden space 226304K, 0% used [0x00000000d6b00000,0x00000000d6b00000,0x00000000e4800000)
  from space 225280K, 45% used [0x00000000e4800000,0x00000000eacd8c80,0x00000000f2400000)
  to   space 225280K, 0% used [0x00000000f2400000,0x00000000f2400000,0x0000000100000000)
 ParOldGen       total 898560K, used 610532K [0x0000000084000000, 0x00000000bad80000, 0x00000000d6b00000)
  object space 898560K, 67% used [0x0000000084000000,0x00000000a9439388,0x00000000bad80000)
 Metaspace       used 25910K, capacity 26846K, committed 26928K, reserved 1071104K
  class space    used 4386K, capacity 4626K, committed 4656K, reserved 1048576K
}
Event: 17.606 GC heap before
{Heap before GC invocations=17 (full 5):
 PSYoungGen      total 451584K, used 329571K [0x00000000d6b00000, 0x0000000100000000, 0x0000000100000000)
  eden space 226304K, 100% used [0x00000000d6b00000,0x00000000e4800000,0x00000000e4800000)
  from space 225280K, 45% used [0x00000000e4800000,0x00000000eacd8c80,0x00000000f2400000)
  to   space 225280K, 0% used [0x00000000f2400000,0x00000000f2400000,0x0000000100000000)
 ParOldGen       total 898560K, used 610532K [0x0000000084000000, 0x00000000bad80000, 0x00000000d6b00000)
  object space 898560K, 67% used [0x0000000084000000,0x00000000a9439388,0x00000000bad80000)
 Metaspace       used 25911K, capacity 26846K, committed 26928K, reserved 1071104K
  class space    used 4386K, capacity 4626K, committed 4656K, reserved 1048576K
Event: 17.973 GC heap after
Heap after GC invocations=17 (full 5):
 PSYoungGen      total 445440K, used 102816K [0x00000000d6b00000, 0x00000000ffa00000, 0x0000000100000000)
  eden space 226304K, 0% used [0x00000000d6b00000,0x00000000d6b00000,0x00000000e4800000)
  from space 219136K, 46% used [0x00000000f2400000,0x00000000f8868030,0x00000000ffa00000)
  to   space 222208K, 0% used [0x00000000e4800000,0x00000000e4800000,0x00000000f2100000)
 ParOldGen       total 898560K, used 708116K [0x0000000084000000, 0x00000000bad80000, 0x00000000d6b00000)
  object space 898560K, 78% used [0x0000000084000000,0x00000000af3853a8,0x00000000bad80000)
 Metaspace       used 25911K, capacity 26846K, committed 26928K, reserved 1071104K
  class space    used 4386K, capacity 4626K, committed 4656K, reserved 1048576K
}
Event: 18.569 GC heap before
{Heap before GC invocations=18 (full 5):
 PSYoungGen      total 445440K, used 329120K [0x00000000d6b00000, 0x00000000ffa00000, 0x0000000100000000)
  eden space 226304K, 100% used [0x00000000d6b00000,0x00000000e4800000,0x00000000e4800000)
  from space 219136K, 46% used [0x00000000f2400000,0x00000000f8868030,0x00000000ffa00000)
  to   space 222208K, 0% used [0x00000000e4800000,0x00000000e4800000,0x00000000f2100000)
 ParOldGen       total 898560K, used 708116K [0x0000000084000000, 0x00000000bad80000, 0x00000000d6b00000)
  object space 898560K, 78% used [0x0000000084000000,0x00000000af3853a8,0x00000000bad80000)
 Metaspace       used 26050K, capacity 27052K, committed 27184K, reserved 1071104K
  class space    used 4397K, capacity 4629K, committed 4656K, reserved 1048576K
Event: 18.750 GC heap after
Heap after GC invocations=18 (full 5):
 PSYoungGen      total 448512K, used 222176K [0x00000000d6b00000, 0x0000000100000000, 0x0000000100000000)
  eden space 226304K, 0% used [0x00000000d6b00000,0x00000000d6b00000,0x00000000e4800000)
  from space 222208K, 99% used [0x00000000e4800000,0x00000000f20f8040,0x00000000f2100000)
  to   space 225280K, 0% used [0x00000000f2400000,0x00000000f2400000,0x0000000100000000)
 ParOldGen       total 898560K, used 708850K [0x0000000084000000, 0x00000000bad80000, 0x00000000d6b00000)
  object space 898560K, 78% used [0x0000000084000000,0x00000000af43cb70,0x00000000bad80000)
 Metaspace       used 26050K, capacity 27052K, committed 27184K, reserved 1071104K
  class space    used 4397K, capacity 4629K, committed 4656K, reserved 1048576K
}
Event: 18.881 GC heap before
{Heap before GC invocations=19 (full 5):
 PSYoungGen      total 448512K, used 448480K [0x00000000d6b00000, 0x0000000100000000, 0x0000000100000000)
  eden space 226304K, 100% used [0x00000000d6b00000,0x00000000e4800000,0x00000000e4800000)
  from space 222208K, 99% used [0x00000000e4800000,0x00000000f20f8040,0x00000000f2100000)
  to   space 225280K, 0% used [0x00000000f2400000,0x00000000f2400000,0x0000000100000000)
 ParOldGen       total 898560K, used 708850K [0x0000000084000000, 0x00000000bad80000, 0x00000000d6b00000)
  object space 898560K, 78% used [0x0000000084000000,0x00000000af43cb70,0x00000000bad80000)
 Metaspace       used 26050K, capacity 27052K, committed 27184K, reserved 1071104K
  class space    used 4397K, capacity 4629K, committed 4656K, reserved 1048576K
Event: 19.278 GC heap after
Heap after GC invocations=19 (full 5):
 PSYoungGen      total 451584K, used 162304K [0x00000000d6b00000, 0x0000000100000000, 0x0000000100000000)
  eden space 226304K, 0% used [0x00000000d6b00000,0x00000000d6b00000,0x00000000e4800000)
  from space 225280K, 72% used [0x00000000f2400000,0x00000000fc280010,0x0000000100000000)
  to   space 225280K, 0% used [0x00000000e4800000,0x00000000e4800000,0x00000000f2400000)
 ParOldGen       total 930816K, used 930666K [0x0000000084000000, 0x00000000bcd00000, 0x00000000d6b00000)
  object space 930816K, 99% used [0x0000000084000000,0x00000000bccdaba0,0x00000000bcd00000)
 Metaspace       used 26050K, capacity 27052K, committed 27184K, reserved 1071104K
  class space    used 4397K, capacity 4629K, committed 4656K, reserved 1048576K
}
Event: 19.278 GC heap before
{Heap before GC invocations=20 (full 6):
 PSYoungGen      total 451584K, used 162304K [0x00000000d6b00000, 0x0000000100000000, 0x0000000100000000)
  eden space 226304K, 0% used [0x00000000d6b00000,0x00000000d6b00000,0x00000000e4800000)
  from space 225280K, 72% used [0x00000000f2400000,0x00000000fc280010,0x0000000100000000)
  to   space 225280K, 0% used [0x00000000e4800000,0x00000000e4800000,0x00000000f2400000)
 ParOldGen       total 930816K, used 930666K [0x0000000084000000, 0x00000000bcd00000, 0x00000000d6b00000)
  object space 930816K, 99% used [0x0000000084000000,0x00000000bccdaba0,0x00000000bcd00000)
 Metaspace       used 26050K, capacity 27052K, committed 27184K, reserved 1071104K
  class space    used 4397K, capacity 4629K, committed 4656K, reserved 1048576K

